<?xml version="1.0" encoding="UTF-8"?>
<testsuite xmlns:xsi="http://www.w3.org/2001/XMLSchema-instance" xsi:noNamespaceSchemaLocation="https://maven.apache.org/surefire/maven-surefire-plugin/xsd/surefire-test-report.xsd" name="com.epam.brest.courses.dao.DepartmentJdbcDaoImplTest" time="1.284" tests="5" errors="0" skipped="0" failures="0">
  <properties>
    <property name="sun.desktop" value="gnome"/>
    <property name="awt.toolkit" value="sun.awt.X11.XToolkit"/>
    <property name="java.specification.version" value="11"/>
    <property name="sun.cpu.isalist" value=""/>
    <property name="sun.jnu.encoding" value="UTF-8"/>
    <property name="java.class.path" value="/home/alexander/development/aignathick-department-mngmnt/department-management-dao/target/test-classes:/home/alexander/development/aignathick-department-mngmnt/department-management-dao/target/classes:/home/alexander/development/aignathick-department-mngmnt/department-management-model/target/department-management-model-1.0-SNAPSHOT.jar:/home/alexander/development/aignathick-department-mngmnt/department-management-test/target/department-management-test-1.0-SNAPSHOT.jar:/home/alexander/.m2/repository/org/springframework/spring-beans/5.1.8.RELEASE/spring-beans-5.1.8.RELEASE.jar:/home/alexander/.m2/repository/com/h2database/h2/1.4.200/h2-1.4.200.jar:/home/alexander/.m2/repository/org/springframework/spring-test/5.1.8.RELEASE/spring-test-5.1.8.RELEASE.jar:/home/alexander/.m2/repository/org/springframework/spring-core/5.1.8.RELEASE/spring-core-5.1.8.RELEASE.jar:/home/alexander/.m2/repository/org/springframework/spring-jcl/5.1.8.RELEASE/spring-jcl-5.1.8.RELEASE.jar:/home/alexander/.m2/repository/org/junit/jupiter/junit-jupiter-api/5.2.0/junit-jupiter-api-5.2.0.jar:/home/alexander/.m2/repository/org/apiguardian/apiguardian-api/1.0.0/apiguardian-api-1.0.0.jar:/home/alexander/.m2/repository/org/opentest4j/opentest4j/1.1.0/opentest4j-1.1.0.jar:/home/alexander/.m2/repository/org/junit/platform/junit-platform-commons/1.2.0/junit-platform-commons-1.2.0.jar:/home/alexander/.m2/repository/org/junit/vintage/junit-vintage-engine/5.2.0/junit-vintage-engine-5.2.0.jar:/home/alexander/.m2/repository/org/junit/platform/junit-platform-engine/1.2.0/junit-platform-engine-1.2.0.jar:/home/alexander/.m2/repository/junit/junit/4.12/junit-4.12.jar:/home/alexander/.m2/repository/org/hamcrest/hamcrest-core/1.3/hamcrest-core-1.3.jar:/home/alexander/.m2/repository/org/junit/jupiter/junit-jupiter-engine/5.2.0/junit-jupiter-engine-5.2.0.jar:/home/alexander/.m2/repository/org/springframework/spring-context/5.1.8.RELEASE/spring-context-5.1.8.RELEASE.jar:/home/alexander/.m2/repository/org/springframework/spring-aop/5.1.8.RELEASE/spring-aop-5.1.8.RELEASE.jar:/home/alexander/.m2/repository/org/springframework/spring-expression/5.1.8.RELEASE/spring-expression-5.1.8.RELEASE.jar:/home/alexander/.m2/repository/org/springframework/spring-jdbc/5.1.8.RELEASE/spring-jdbc-5.1.8.RELEASE.jar:/home/alexander/.m2/repository/org/springframework/spring-tx/5.1.8.RELEASE/spring-tx-5.1.8.RELEASE.jar:/home/alexander/.m2/repository/ch/qos/logback/logback-core/1.2.3/logback-core-1.2.3.jar:/home/alexander/.m2/repository/org/slf4j/slf4j-api/1.7.30/slf4j-api-1.7.30.jar:/home/alexander/.m2/repository/ch/qos/logback/logback-classic/1.2.3/logback-classic-1.2.3.jar:"/>
    <property name="java.vm.vendor" value="Ubuntu"/>
    <property name="sun.arch.data.model" value="64"/>
    <property name="java.vendor.url" value="https://ubuntu.com/"/>
    <property name="user.timezone" value=""/>
    <property name="java.vm.specification.version" value="11"/>
    <property name="os.name" value="Linux"/>
    <property name="sun.java.launcher" value="SUN_STANDARD"/>
    <property name="user.country" value="US"/>
    <property name="sun.boot.library.path" value="/usr/lib/jvm/java-11-openjdk-amd64/lib"/>
    <property name="sun.java.command" value="/home/alexander/development/aignathick-department-mngmnt/department-management-dao/target/surefire/surefirebooter15160622809495170319.jar /home/alexander/development/aignathick-department-mngmnt/department-management-dao/target/surefire 2020-02-21T15-09-55_787-jvmRun1 surefire3529109253210160387tmp surefire_014069970533819197186tmp"/>
    <property name="jdk.debug" value="release"/>
    <property name="surefire.test.class.path" value="/home/alexander/development/aignathick-department-mngmnt/department-management-dao/target/test-classes:/home/alexander/development/aignathick-department-mngmnt/department-management-dao/target/classes:/home/alexander/development/aignathick-department-mngmnt/department-management-model/target/department-management-model-1.0-SNAPSHOT.jar:/home/alexander/development/aignathick-department-mngmnt/department-management-test/target/department-management-test-1.0-SNAPSHOT.jar:/home/alexander/.m2/repository/org/springframework/spring-beans/5.1.8.RELEASE/spring-beans-5.1.8.RELEASE.jar:/home/alexander/.m2/repository/com/h2database/h2/1.4.200/h2-1.4.200.jar:/home/alexander/.m2/repository/org/springframework/spring-test/5.1.8.RELEASE/spring-test-5.1.8.RELEASE.jar:/home/alexander/.m2/repository/org/springframework/spring-core/5.1.8.RELEASE/spring-core-5.1.8.RELEASE.jar:/home/alexander/.m2/repository/org/springframework/spring-jcl/5.1.8.RELEASE/spring-jcl-5.1.8.RELEASE.jar:/home/alexander/.m2/repository/org/junit/jupiter/junit-jupiter-api/5.2.0/junit-jupiter-api-5.2.0.jar:/home/alexander/.m2/repository/org/apiguardian/apiguardian-api/1.0.0/apiguardian-api-1.0.0.jar:/home/alexander/.m2/repository/org/opentest4j/opentest4j/1.1.0/opentest4j-1.1.0.jar:/home/alexander/.m2/repository/org/junit/platform/junit-platform-commons/1.2.0/junit-platform-commons-1.2.0.jar:/home/alexander/.m2/repository/org/junit/vintage/junit-vintage-engine/5.2.0/junit-vintage-engine-5.2.0.jar:/home/alexander/.m2/repository/org/junit/platform/junit-platform-engine/1.2.0/junit-platform-engine-1.2.0.jar:/home/alexander/.m2/repository/junit/junit/4.12/junit-4.12.jar:/home/alexander/.m2/repository/org/hamcrest/hamcrest-core/1.3/hamcrest-core-1.3.jar:/home/alexander/.m2/repository/org/junit/jupiter/junit-jupiter-engine/5.2.0/junit-jupiter-engine-5.2.0.jar:/home/alexander/.m2/repository/org/springframework/spring-context/5.1.8.RELEASE/spring-context-5.1.8.RELEASE.jar:/home/alexander/.m2/repository/org/springframework/spring-aop/5.1.8.RELEASE/spring-aop-5.1.8.RELEASE.jar:/home/alexander/.m2/repository/org/springframework/spring-expression/5.1.8.RELEASE/spring-expression-5.1.8.RELEASE.jar:/home/alexander/.m2/repository/org/springframework/spring-jdbc/5.1.8.RELEASE/spring-jdbc-5.1.8.RELEASE.jar:/home/alexander/.m2/repository/org/springframework/spring-tx/5.1.8.RELEASE/spring-tx-5.1.8.RELEASE.jar:/home/alexander/.m2/repository/ch/qos/logback/logback-core/1.2.3/logback-core-1.2.3.jar:/home/alexander/.m2/repository/org/slf4j/slf4j-api/1.7.30/slf4j-api-1.7.30.jar:/home/alexander/.m2/repository/ch/qos/logback/logback-classic/1.2.3/logback-classic-1.2.3.jar:"/>
    <property name="sun.cpu.endian" value="little"/>
    <property name="user.home" value="/home/alexander"/>
    <property name="user.language" value="en"/>
    <property name="java.specification.vendor" value="Oracle Corporation"/>
    <property name="java.version.date" value="2020-01-14"/>
    <property name="java.home" value="/usr/lib/jvm/java-11-openjdk-amd64"/>
    <property name="file.separator" value="/"/>
    <property name="basedir" value="/home/alexander/development/aignathick-department-mngmnt/department-management-dao"/>
    <property name="java.vm.compressedOopsMode" value="32-bit"/>
    <property name="line.separator" value="&#10;"/>
    <property name="java.specification.name" value="Java Platform API Specification"/>
    <property name="java.vm.specification.vendor" value="Oracle Corporation"/>
    <property name="java.awt.graphicsenv" value="sun.awt.X11GraphicsEnvironment"/>
    <property name="surefire.real.class.path" value="/home/alexander/development/aignathick-department-mngmnt/department-management-dao/target/surefire/surefirebooter15160622809495170319.jar"/>
    <property name="sun.management.compiler" value="HotSpot 64-Bit Tiered Compilers"/>
    <property name="java.runtime.version" value="11.0.6+10-post-Ubuntu-1ubuntu118.04.1"/>
    <property name="user.name" value="alexander"/>
    <property name="path.separator" value=":"/>
    <property name="os.version" value="5.3.0-40-generic"/>
    <property name="java.runtime.name" value="OpenJDK Runtime Environment"/>
    <property name="file.encoding" value="UTF-8"/>
    <property name="java.vm.name" value="OpenJDK 64-Bit Server VM"/>
    <property name="localRepository" value="/home/alexander/.m2/repository"/>
    <property name="java.vendor.url.bug" value="https://bugs.launchpad.net/ubuntu/+source/openjdk-lts"/>
    <property name="java.io.tmpdir" value="/tmp"/>
    <property name="java.version" value="11.0.6"/>
    <property name="user.dir" value="/home/alexander/development/aignathick-department-mngmnt/department-management-dao"/>
    <property name="os.arch" value="amd64"/>
    <property name="java.vm.specification.name" value="Java Virtual Machine Specification"/>
    <property name="java.awt.printerjob" value="sun.print.PSPrinterJob"/>
    <property name="sun.os.patch.level" value="unknown"/>
    <property name="java.library.path" value="/usr/java/packages/lib:/usr/lib/x86_64-linux-gnu/jni:/lib/x86_64-linux-gnu:/usr/lib/x86_64-linux-gnu:/usr/lib/jni:/lib:/usr/lib"/>
    <property name="java.vendor" value="Ubuntu"/>
    <property name="java.vm.info" value="mixed mode, sharing"/>
    <property name="java.vm.version" value="11.0.6+10-post-Ubuntu-1ubuntu118.04.1"/>
    <property name="sun.io.unicode.encoding" value="UnicodeLittle"/>
    <property name="java.class.version" value="55.0"/>
  </properties>
  <testcase name="deleteDepartment" classname="com.epam.brest.courses.dao.DepartmentJdbcDaoImplTest" time="0.065"/>
  <testcase name="getDepartmentById" classname="com.epam.brest.courses.dao.DepartmentJdbcDaoImplTest" time="0.005"/>
  <testcase name="updateDepartment" classname="com.epam.brest.courses.dao.DepartmentJdbcDaoImplTest" time="0.016"/>
  <testcase name="getDepartments" classname="com.epam.brest.courses.dao.DepartmentJdbcDaoImplTest" time="0.003"/>
  <testcase name="addDepartment" classname="com.epam.brest.courses.dao.DepartmentJdbcDaoImplTest" time="0.004"/>
</testsuite>